mktextfm TitilliumWeb-Thin
mktextfm TitilliumWeb-Thin
mktextfm TitilliumWeb-Thin
mktextfm TitilliumWeb-Thin/BI
mktextfm TitilliumWeb-Thin
mktextfm TitilliumWeb-Thin/B
mktextfm TitilliumWeb-Thin
mktextfm TitilliumWeb-Thin/I
mktextfm TitilliumWeb-Thin
mktextfm TitilliumWeb-Thin
mktextfm TitilliumWeb-SemiBold
mktextfm TitilliumWeb-SemiBold
mktextfm TitilliumWeb-SemiBold
mktextfm TitilliumWeb-SemiBold/BI
mktextfm TitilliumWeb-SemiBold
mktextfm TitilliumWeb-SemiBold/B
mktextfm TitilliumWeb-SemiBold
mktextfm TitilliumWeb-SemiBold/I
mktextfm TitilliumWeb-SemiBold
mktextfm TitilliumWeb-SemiBold
mktextfm TitilliumWeb-Regular
mktextfm TitilliumWeb-Regular
mktextfm TitilliumWeb-Regular
mktextfm TitilliumWeb-Regular/BI
mktextfm TitilliumWeb-Regular
mktextfm TitilliumWeb-Regular/B
mktextfm TitilliumWeb-Regular
mktextfm TitilliumWeb-Regular/I
mktextfm TitilliumWeb-Regular
mktextfm TitilliumWeb-Regular
mktextfm TitilliumWeb-Regular
mktextfm TitilliumWeb-Regular
mktextfm TitilliumWeb-Regular
mktextfm TitilliumWeb-Regular/BI
mktextfm TitilliumWeb-Regular
mktextfm TitilliumWeb-Regular/B
mktextfm TitilliumWeb-Regular
mktextfm TitilliumWeb-Regular/I
mktextfm TitilliumWeb-Regular
mktextfm TitilliumWeb-Regular
mktextfm TitilliumWeb-Regular
mktextfm Arial
mktextfm Arial
mktextfm Arial
mktextfm Arial/BI
mktextfm Arial
mktextfm Arial/B
mktextfm Arial
mktextfm Arial/I
mktextfm Arial
mktextfm Arial
mktextfm TitilliumWeb-Regular
mktextfm TitilliumWeb-Thin
mktextfm TitilliumWeb-Thin
mktextfm TitilliumWeb-Regular
mktextfm TitilliumWeb-Regular
mktextfm TitilliumWeb-Regular
mktextfm TitilliumWeb-Thin
mktextfm TitilliumWeb-Regular
mktextfm Cantarell
